Flutter crash report.
Please report a bug at https://github.com/flutter/flutter/issues.

## command

flutter run --machine --start-paused -d emulator-5554 --dart-define=flutter.inspector.structuredErrors=true --web-allow-expose-url --devtools-server-address http://127.0.0.1:9100/ --target lib/main.dart

## exception

FileSystemException: FileSystemException: Cannot open file, path = '/var/folders/6y/ljgnqg4x3qqdzxdjj1v7y0100000gn/T/flutter_tools.j7BHIy/flutter_tool.wdcgf1/app.dill' (OS Error: No such file or directory, errno = 2)

```
#0      _File.throwIfError (dart:io/file_impl.dart:635:7)
#1      _File.openSync (dart:io/file_impl.dart:479:5)
#2      _File.readAsBytesSync (dart:io/file_impl.dart:539:18)
#3      ForwardingFile.readAsBytesSync (package:file/src/forwarding/forwarding_file.dart:88:43)
#4      ForwardingFile.readAsBytesSync (package:file/src/forwarding/forwarding_file.dart:88:43)
#5      StdoutHandler.handler (package:flutter_tools/src/compile.dart:121:53)
#6      _rootRunUnary (dart:async/zone.dart:1436:47)
#7      _CustomZone.runUnary (dart:async/zone.dart:1335:19)
#8      _CustomZone.runUnaryGuarded (dart:async/zone.dart:1244:7)
#9      _BufferingStreamSubscription._sendData (dart:async/stream_impl.dart:341:11)
#10     _BufferingStreamSubscription._add (dart:async/stream_impl.dart:271:7)
#11     _SinkTransformerStreamSubscription._add (dart:async/stream_transformers.dart:63:11)
#12     _EventSinkWrapper.add (dart:async/stream_transformers.dart:13:11)
#13     _StringAdapterSink.add (dart:convert/string_conversion.dart:238:11)
#14     _LineSplitterSink._addLines (dart:convert/line_splitter.dart:151:13)
#15     _LineSplitterSink.addSlice (dart:convert/line_splitter.dart:126:5)
#16     StringConversionSinkMixin.add (dart:convert/string_conversion.dart:163:5)
#17     _SinkTransformerStreamSubscription._handleData (dart:async/stream_transformers.dart:111:24)
#18     _rootRunUnary (dart:async/zone.dart:1436:47)
#19     _CustomZone.runUnary (dart:async/zone.dart:1335:19)
#20     _CustomZone.runUnaryGuarded (dart:async/zone.dart:1244:7)
#21     _BufferingStreamSubscription._sendData (dart:async/stream_impl.dart:341:11)
#22     _BufferingStreamSubscription._add (dart:async/stream_impl.dart:271:7)
#23     _SinkTransformerStreamSubscription._add (dart:async/stream_transformers.dart:63:11)
#24     _EventSinkWrapper.add (dart:async/stream_transformers.dart:13:11)
#25     _StringAdapterSink.add (dart:convert/string_conversion.dart:238:11)
#26     _StringAdapterSink.addSlice (dart:convert/string_conversion.dart:243:7)
#27     _Utf8ConversionSink.addSlice (dart:convert/string_conversion.dart:317:20)
#28     _Utf8ConversionSink.add (dart:convert/string_conversion.dart:310:5)
#29     _ConverterStreamEventSink.add (dart:convert/chunked_conversion.dart:72:18)
#30     _SinkTransformerStreamSubscription._handleData (dart:async/stream_transformers.dart:111:24)
#31     _rootRunUnary (dart:async/zone.dart:1436:47)
#32     _CustomZone.runUnary (dart:async/zone.dart:1335:19)
#33     _CustomZone.runUnaryGuarded (dart:async/zone.dart:1244:7)
#34     _BufferingStreamSubscription._sendData (dart:async/stream_impl.dart:341:11)
#35     _BufferingStreamSubscription._add (dart:async/stream_impl.dart:271:7)
#36     _SyncStreamControllerDispatch._sendData (dart:async/stream_controller.dart:733:19)
#37     _StreamController._add (dart:async/stream_controller.dart:607:7)
#38     _StreamController.add (dart:async/stream_controller.dart:554:5)
#39     _Socket._onData (dart:io-patch/socket_patch.dart:2166:41)
#40     _rootRunUnary (dart:async/zone.dart:1444:13)
#41     _CustomZone.runUnary (dart:async/zone.dart:1335:19)
#42     _CustomZone.runUnaryGuarded (dart:async/zone.dart:1244:7)
#43     _BufferingStreamSubscription._sendData (dart:async/stream_impl.dart:341:11)
#44     _BufferingStreamSubscription._add (dart:async/stream_impl.dart:271:7)
#45     _SyncStreamControllerDispatch._sendData (dart:async/stream_controller.dart:733:19)
#46     _StreamController._add (dart:async/stream_controller.dart:607:7)
#47     _StreamController.add (dart:async/stream_controller.dart:554:5)
#48     new _RawSocket.<anonymous closure> (dart:io-patch/socket_patch.dart:1702:33)
#49     _NativeSocket.issueReadEvent.issue (dart:io-patch/socket_patch.dart:1213:14)
#50     _microtaskLoop (dart:async/schedule_microtask.dart:40:21)
#51     _startMicrotaskLoop (dart:async/schedule_microtask.dart:49:5)
#52     _runPendingImmediateCallback (dart:isolate-patch/isolate_patch.dart:120:13)
#53     _RawReceivePortImpl._handleMessage (dart:isolate-patch/isolate_patch.dart:185:5)
```

## flutter doctor

```
[✓] Flutter (Channel stable, 2.5.0, on macOS 11.4 20F71 darwin-arm, locale en-LA)
    • Flutter version 2.5.0 at /Users/soubinkittiphanh/development/sdks/flutter
    • Upstream repository https://github.com/flutter/flutter.git
    • Framework revision 4cc385b4b8 (2 months ago), 2021-09-07 23:01:49 -0700
    • Engine revision f0826da7ef
    • Dart version 2.14.0

[✓] Android toolchain - develop for Android devices (Android SDK version 31.0.0)
    • Android SDK at /Users/soubinkittiphanh/Library/Android/sdk
    • Platform android-31, build-tools 31.0.0
    • Java binary at: /Users/soubinkittiphanh/Downloads/Android Studio.app/Contents/jre/Contents/Home/bin/java
    • Java version OpenJDK Runtime Environment (build 11.0.10+0-b96-7249189)
    • All Android licenses accepted.

[✓] Xcode - develop for iOS and macOS
    • Xcode at /Applications/Xcode.app/Contents/Developer
    • Xcode 12.5.1, Build version 12E507
    • CocoaPods version 1.11.0

[✓] Chrome - develop for the web
    • Chrome at /Applications/Google Chrome.app/Contents/MacOS/Google Chrome

[✓] Android Studio (version 2020.3)
    • Android Studio at /Applications/Android Studio.app/Contents
    • Flutter plugin can be installed from:
      🔨 https://plugins.jetbrains.com/plugin/9212-flutter
    • Dart plugin can be installed from:
      🔨 https://plugins.jetbrains.com/plugin/6351-dart
    • Java version OpenJDK Runtime Environment (build 11.0.10+0-b96-7249189)

[✓] Android Studio (version 2020.3)
    • Android Studio at /Users/soubinkittiphanh/Downloads/Android Studio.app/Contents
    • Flutter plugin can be installed from:
      🔨 https://plugins.jetbrains.com/plugin/9212-flutter
    • Dart plugin can be installed from:
      🔨 https://plugins.jetbrains.com/plugin/6351-dart
    • Java version OpenJDK Runtime Environment (build 11.0.10+0-b96-7249189)

[✓] VS Code (version 1.62.0)
    • VS Code at /Applications/Visual Studio Code.app/Contents
    • Flutter extension version 3.28.0

[✓] Connected device (2 available)
    • sdk gphone64 arm64 (mobile) • emulator-5554 • android-arm64  • Android 12 (API 31) (emulator)
    • Chrome (web)                • chrome        • web-javascript • Google Chrome 96.0.4664.55

• No issues found!
```
